/*C3*/SET SCHEMA PUBLIC
DELETE FROM STOCKITEM WHERE ID=20
INSERT INTO STOCKITEM VALUES(20,'t\u00f6\u00f6taRaisk',11.00000000000000000000000000000000,40,'aa')
COMMIT
DISCONNECT
/*C4*/SET SCHEMA PUBLIC
DISCONNECT
/*C5*/SET SCHEMA PUBLIC
DELETE FROM STOCKITEM WHERE ID=20
INSERT INTO STOCKITEM VALUES(20,'t\u00f6\u00f6taRaisk',11.00000000000000000000000000000000,50,'aa')
COMMIT
/*C6*/SET SCHEMA PUBLIC
DISCONNECT
/*C5*/DISCONNECT
/*C7*/SET SCHEMA PUBLIC
DISCONNECT
/*C8*/SET SCHEMA PUBLIC
DISCONNECT
/*C9*/SET SCHEMA PUBLIC
DISCONNECT
/*C10*/SET SCHEMA PUBLIC
DELETE FROM STOCKITEM WHERE ID=20
INSERT INTO STOCKITEM VALUES(20,'t\u00f6\u00f6taRaisk',11.00000000000000000000000000000000,61,'aa')
COMMIT
/*C11*/SET SCHEMA PUBLIC
DISCONNECT
/*C10*/DISCONNECT
