/*C1*/SET SCHEMA PUBLIC
CONNECT USER SA
SET AUTOCOMMIT FALSE
INSERT INTO SALE VALUES(19,'2014-11-26 21:41:17.600000000',NULL)
INSERT INTO SOLDITEM VALUES(23,19,1,'Layz kr\u00f5psud',2,10.5)
DELETE FROM STOCKITEM WHERE ID=1
INSERT INTO STOCKITEM VALUES(1,'Layz kr\u00f5psud',10.5,84,NULL)
COMMIT
DISCONNECT
/*C2*/SET SCHEMA PUBLIC
CONNECT USER SA
SET AUTOCOMMIT FALSE
DISCONNECT
/*C3*/SET SCHEMA PUBLIC
CONNECT USER SA
SET AUTOCOMMIT FALSE
INSERT INTO SALE VALUES(20,'2014-11-26 22:00:22.616000000',NULL)
INSERT INTO SOLDITEM VALUES(24,20,0,'Testimis\u00f5lu',1,3.0)
DELETE FROM STOCKITEM WHERE ID=0
INSERT INTO STOCKITEM VALUES(0,'Testimis\u00f5lu',3.0,849,NULL)
COMMIT
DISCONNECT
/*C4*/SET SCHEMA PUBLIC
CONNECT USER SA
SET AUTOCOMMIT FALSE
DISCONNECT
/*C5*/SET SCHEMA PUBLIC
CONNECT USER SA
SET AUTOCOMMIT FALSE
INSERT INTO SALE VALUES(21,'2014-11-26 22:04:21.230000000',NULL)
INSERT INTO SOLDITEM VALUES(25,21,0,'Testimis\u00f5lu',1,3.0)
DELETE FROM STOCKITEM WHERE ID=0
INSERT INTO STOCKITEM VALUES(0,'Testimis\u00f5lu',3.0,848,NULL)
COMMIT
DISCONNECT
/*C6*/SET SCHEMA PUBLIC
CONNECT USER SA
SET AUTOCOMMIT FALSE
INSERT INTO SALE VALUES(22,'2014-11-26 22:09:02.381000000',1)
INSERT INTO SOLDITEM VALUES(26,22,0,'Testimis\u00f5lu',1,3.0)
DELETE FROM STOCKITEM WHERE ID=0
INSERT INTO STOCKITEM VALUES(0,'Testimis\u00f5lu',3.0,847,NULL)
COMMIT
/*C7*/SET SCHEMA PUBLIC
CONNECT USER SA
DISCONNECT
